  snl.cpp
D:\月月\大三下\必修课\编译原理课设\Project1\snl.cpp(362,10): error C2143: 语法错误: 缺少“;”(在“*”的前面)
D:\月月\大三下\必修课\编译原理课设\Project1\snl.cpp(362,2): error C2182: “Treenode”: 非法使用“void”类型
D:\月月\大三下\必修课\编译原理课设\Project1\snl.cpp(362,25): error C4430: 缺少类型说明符 - 假定为 int。注意: C++ 不支持默认 int
D:\月月\大三下\必修课\编译原理课设\Project1\snl.cpp(363,10): error C2143: 语法错误: 缺少“;”(在“*”的前面)
D:\月月\大三下\必修课\编译原理课设\Project1\snl.cpp(363,10): error C4430: 缺少类型说明符 - 假定为 int。注意: C++ 不支持默认 int
D:\月月\大三下\必修课\编译原理课设\Project1\snl.cpp(363,2): error C2086: “int Treenode”: 重定义
D:\月月\大三下\必修课\编译原理课设\Project1\snl.cpp(362): message : 参见“Treenode”的声明
D:\月月\大三下\必修课\编译原理课设\Project1\snl.cpp(363,21): error C4430: 缺少类型说明符 - 假定为 int。注意: C++ 不支持默认 int
D:\月月\大三下\必修课\编译原理课设\Project1\snl.cpp(364,10): error C2143: 语法错误: 缺少“;”(在“*”的前面)
D:\月月\大三下\必修课\编译原理课设\Project1\snl.cpp(364,10): error C4430: 缺少类型说明符 - 假定为 int。注意: C++ 不支持默认 int
D:\月月\大三下\必修课\编译原理课设\Project1\snl.cpp(364,2): error C2086: “int Treenode”: 重定义
D:\月月\大三下\必修课\编译原理课设\Project1\snl.cpp(362): message : 参见“Treenode”的声明
D:\月月\大三下\必修课\编译原理课设\Project1\snl.cpp(364,25): error C4430: 缺少类型说明符 - 假定为 int。注意: C++ 不支持默认 int
D:\月月\大三下\必修课\编译原理课设\Project1\snl.cpp(365,10): error C2143: 语法错误: 缺少“;”(在“*”的前面)
D:\月月\大三下\必修课\编译原理课设\Project1\snl.cpp(365,10): error C4430: 缺少类型说明符 - 假定为 int。注意: C++ 不支持默认 int
D:\月月\大三下\必修课\编译原理课设\Project1\snl.cpp(365,2): error C2086: “int Treenode”: 重定义
D:\月月\大三下\必修课\编译原理课设\Project1\snl.cpp(362): message : 参见“Treenode”的声明
D:\月月\大三下\必修课\编译原理课设\Project1\snl.cpp(365,25): error C4430: 缺少类型说明符 - 假定为 int。注意: C++ 不支持默认 int
D:\月月\大三下\必修课\编译原理课设\Project1\snl.cpp(366,10): error C2143: 语法错误: 缺少“;”(在“*”的前面)
D:\月月\大三下\必修课\编译原理课设\Project1\snl.cpp(366,10): error C4430: 缺少类型说明符 - 假定为 int。注意: C++ 不支持默认 int
D:\月月\大三下\必修课\编译原理课设\Project1\snl.cpp(366,2): error C2086: “int Treenode”: 重定义
D:\月月\大三下\必修课\编译原理课设\Project1\snl.cpp(362): message : 参见“Treenode”的声明
D:\月月\大三下\必修课\编译原理课设\Project1\snl.cpp(366,21): error C4430: 缺少类型说明符 - 假定为 int。注意: C++ 不支持默认 int
D:\月月\大三下\必修课\编译原理课设\Project1\snl.cpp(367,10): error C2143: 语法错误: 缺少“;”(在“*”的前面)
D:\月月\大三下\必修课\编译原理课设\Project1\snl.cpp(367,10): error C4430: 缺少类型说明符 - 假定为 int。注意: C++ 不支持默认 int
D:\月月\大三下\必修课\编译原理课设\Project1\snl.cpp(367,2): error C2086: “int Treenode”: 重定义
D:\月月\大三下\必修课\编译原理课设\Project1\snl.cpp(362): message : 参见“Treenode”的声明
D:\月月\大三下\必修课\编译原理课设\Project1\snl.cpp(367,29): error C4430: 缺少类型说明符 - 假定为 int。注意: C++ 不支持默认 int
D:\月月\大三下\必修课\编译原理课设\Project1\snl.cpp(368,10): error C2143: 语法错误: 缺少“;”(在“*”的前面)
D:\月月\大三下\必修课\编译原理课设\Project1\snl.cpp(368,10): error C4430: 缺少类型说明符 - 假定为 int。注意: C++ 不支持默认 int
D:\月月\大三下\必修课\编译原理课设\Project1\snl.cpp(368,2): error C2086: “int Treenode”: 重定义
D:\月月\大三下\必修课\编译原理课设\Project1\snl.cpp(362): message : 参见“Treenode”的声明
D:\月月\大三下\必修课\编译原理课设\Project1\snl.cpp(368,25): error C4430: 缺少类型说明符 - 假定为 int。注意: C++ 不支持默认 int
D:\月月\大三下\必修课\编译原理课设\Project1\snl.cpp(369,10): error C2143: 语法错误: 缺少“;”(在“*”的前面)
D:\月月\大三下\必修课\编译原理课设\Project1\snl.cpp(369,10): error C4430: 缺少类型说明符 - 假定为 int。注意: C++ 不支持默认 int
D:\月月\大三下\必修课\编译原理课设\Project1\snl.cpp(369,2): error C2086: “int Treenode”: 重定义
D:\月月\大三下\必修课\编译原理课设\Project1\snl.cpp(362): message : 参见“Treenode”的声明
D:\月月\大三下\必修课\编译原理课设\Project1\snl.cpp(369,25): error C4430: 缺少类型说明符 - 假定为 int。注意: C++ 不支持默认 int
D:\月月\大三下\必修课\编译原理课设\Project1\snl.cpp(370,10): error C2143: 语法错误: 缺少“;”(在“*”的前面)
D:\月月\大三下\必修课\编译原理课设\Project1\snl.cpp(370,10): error C4430: 缺少类型说明符 - 假定为 int。注意: C++ 不支持默认 int
D:\月月\大三下\必修课\编译原理课设\Project1\snl.cpp(370,2): error C2086: “int Treenode”: 重定义
D:\月月\大三下\必修课\编译原理课设\Project1\snl.cpp(362): message : 参见“Treenode”的声明
D:\月月\大三下\必修课\编译原理课设\Project1\snl.cpp(370,22): error C4430: 缺少类型说明符 - 假定为 int。注意: C++ 不支持默认 int
D:\月月\大三下\必修课\编译原理课设\Project1\snl.cpp(371,10): error C2143: 语法错误: 缺少“;”(在“*”的前面)
D:\月月\大三下\必修课\编译原理课设\Project1\snl.cpp(371,10): error C4430: 缺少类型说明符 - 假定为 int。注意: C++ 不支持默认 int
D:\月月\大三下\必修课\编译原理课设\Project1\snl.cpp(371,2): error C2086: “int Treenode”: 重定义
D:\月月\大三下\必修课\编译原理课设\Project1\snl.cpp(362): message : 参见“Treenode”的声明
D:\月月\大三下\必修课\编译原理课设\Project1\snl.cpp(371,23): error C4430: 缺少类型说明符 - 假定为 int。注意: C++ 不支持默认 int
D:\月月\大三下\必修课\编译原理课设\Project1\snl.cpp(372,10): error C2143: 语法错误: 缺少“;”(在“*”的前面)
D:\月月\大三下\必修课\编译原理课设\Project1\snl.cpp(372,10): error C4430: 缺少类型说明符 - 假定为 int。注意: C++ 不支持默认 int
D:\月月\大三下\必修课\编译原理课设\Project1\snl.cpp(372,2): error C2086: “int Treenode”: 重定义
D:\月月\大三下\必修课\编译原理课设\Project1\snl.cpp(362): message : 参见“Treenode”的声明
D:\月月\大三下\必修课\编译原理课设\Project1\snl.cpp(372,26): error C4430: 缺少类型说明符 - 假定为 int。注意: C++ 不支持默认 int
D:\月月\大三下\必修课\编译原理课设\Project1\snl.cpp(373,10): error C2143: 语法错误: 缺少“;”(在“*”的前面)
D:\月月\大三下\必修课\编译原理课设\Project1\snl.cpp(373,10): error C4430: 缺少类型说明符 - 假定为 int。注意: C++ 不支持默认 int
D:\月月\大三下\必修课\编译原理课设\Project1\snl.cpp(373,2): error C2086: “int Treenode”: 重定义
D:\月月\大三下\必修课\编译原理课设\Project1\snl.cpp(362): message : 参见“Treenode”的声明
D:\月月\大三下\必修课\编译原理课设\Project1\snl.cpp(373,23): error C4430: 缺少类型说明符 - 假定为 int。注意: C++ 不支持默认 int
D:\月月\大三下\必修课\编译原理课设\Project1\snl.cpp(374,10): error C2143: 语法错误: 缺少“;”(在“*”的前面)
D:\月月\大三下\必修课\编译原理课设\Project1\snl.cpp(374,10): error C4430: 缺少类型说明符 - 假定为 int。注意: C++ 不支持默认 int
D:\月月\大三下\必修课\编译原理课设\Project1\snl.cpp(374,2): error C2086: “int Treenode”: 重定义
D:\月月\大三下\必修课\编译原理课设\Project1\snl.cpp(362): message : 参见“Treenode”的声明
D:\月月\大三下\必修课\编译原理课设\Project1\snl.cpp(374,19): error C4430: 缺少类型说明符 - 假定为 int。注意: C++ 不支持默认 int
D:\月月\大三下\必修课\编译原理课设\Project1\snl.cpp(375,10): error C2143: 语法错误: 缺少“;”(在“*”的前面)
D:\月月\大三下\必修课\编译原理课设\Project1\snl.cpp(375,10): error C4430: 缺少类型说明符 - 假定为 int。注意: C++ 不支持默认 int
D:\月月\大三下\必修课\编译原理课设\Project1\snl.cpp(375,2): error C2086: “int Treenode”: 重定义
D:\月月\大三下\必修课\编译原理课设\Project1\snl.cpp(362): message : 参见“Treenode”的声明
D:\月月\大三下\必修课\编译原理课设\Project1\snl.cpp(375,22): error C4430: 缺少类型说明符 - 假定为 int。注意: C++ 不支持默认 int
D:\月月\大三下\必修课\编译原理课设\Project1\snl.cpp(376,10): error C2143: 语法错误: 缺少“;”(在“*”的前面)
D:\月月\大三下\必修课\编译原理课设\Project1\snl.cpp(376,10): error C4430: 缺少类型说明符 - 假定为 int。注意: C++ 不支持默认 int
D:\月月\大三下\必修课\编译原理课设\Project1\snl.cpp(376,2): error C2086: “int Treenode”: 重定义
D:\月月\大三下\必修课\编译原理课设\Project1\snl.cpp(362): message : 参见“Treenode”的声明
D:\月月\大三下\必修课\编译原理课设\Project1\snl.cpp(376,21): error C4430: 缺少类型说明符 - 假定为 int。注意: C++ 不支持默认 int
D:\月月\大三下\必修课\编译原理课设\Project1\snl.cpp(377,10): error C2143: 语法错误: 缺少“;”(在“*”的前面)
D:\月月\大三下\必修课\编译原理课设\Project1\snl.cpp(377,10): error C4430: 缺少类型说明符 - 假定为 int。注意: C++ 不支持默认 int
D:\月月\大三下\必修课\编译原理课设\Project1\snl.cpp(377,2): error C2086: “int Treenode”: 重定义
D:\月月\大三下\必修课\编译原理课设\Project1\snl.cpp(362): message : 参见“Treenode”的声明
D:\月月\大三下\必修课\编译原理课设\Project1\snl.cpp(377,20): error C4430: 缺少类型说明符 - 假定为 int。注意: C++ 不支持默认 int
D:\月月\大三下\必修课\编译原理课设\Project1\snl.cpp(378,10): error C2143: 语法错误: 缺少“;”(在“*”的前面)
D:\月月\大三下\必修课\编译原理课设\Project1\snl.cpp(378,10): error C4430: 缺少类型说明符 - 假定为 int。注意: C++ 不支持默认 int
D:\月月\大三下\必修课\编译原理课设\Project1\snl.cpp(378,2): error C2086: “int Treenode”: 重定义
D:\月月\大三下\必修课\编译原理课设\Project1\snl.cpp(362): message : 参见“Treenode”的声明
D:\月月\大三下\必修课\编译原理课设\Project1\snl.cpp(378,28): error C4430: 缺少类型说明符 - 假定为 int。注意: C++ 不支持默认 int
D:\月月\大三下\必修课\编译原理课设\Project1\snl.cpp(379,10): error C2143: 语法错误: 缺少“;”(在“*”的前面)
D:\月月\大三下\必修课\编译原理课设\Project1\snl.cpp(379,10): error C4430: 缺少类型说明符 - 假定为 int。注意: C++ 不支持默认 int
D:\月月\大三下\必修课\编译原理课设\Project1\snl.cpp(379,2): error C2086: “int Treenode”: 重定义
D:\月月\大三下\必修课\编译原理课设\Project1\snl.cpp(362): message : 参见“Treenode”的声明
D:\月月\大三下\必修课\编译原理课设\Project1\snl.cpp(379,24): error C4430: 缺少类型说明符 - 假定为 int。注意: C++ 不支持默认 int
D:\月月\大三下\必修课\编译原理课设\Project1\snl.cpp(380,10): error C2143: 语法错误: 缺少“;”(在“*”的前面)
D:\月月\大三下\必修课\编译原理课设\Project1\snl.cpp(380,10): error C4430: 缺少类型说明符 - 假定为 int。注意: C++ 不支持默认 int
D:\月月\大三下\必修课\编译原理课设\Project1\snl.cpp(380,2): error C2086: “int Treenode”: 重定义
D:\月月\大三下\必修课\编译原理课设\Project1\snl.cpp(362): message : 参见“Treenode”的声明
D:\月月\大三下\必修课\编译原理课设\Project1\snl.cpp(380,23): error C4430: 缺少类型说明符 - 假定为 int。注意: C++ 不支持默认 int
D:\月月\大三下\必修课\编译原理课设\Project1\snl.cpp(381,10): error C2143: 语法错误: 缺少“;”(在“*”的前面)
D:\月月\大三下\必修课\编译原理课设\Project1\snl.cpp(381,10): error C4430: 缺少类型说明符 - 假定为 int。注意: C++ 不支持默认 int
D:\月月\大三下\必修课\编译原理课设\Project1\snl.cpp(381,2): error C2086: “int Treenode”: 重定义
D:\月月\大三下\必修课\编译原理课设\Project1\snl.cpp(362): message : 参见“Treenode”的声明
D:\月月\大三下\必修课\编译原理课设\Project1\snl.cpp(381,23): error C4430: 缺少类型说明符 - 假定为 int。注意: C++ 不支持默认 int
D:\月月\大三下\必修课\编译原理课设\Project1\snl.cpp(382,10): error C2143: 语法错误: 缺少“;”(在“*”的前面)
D:\月月\大三下\必修课\编译原理课设\Project1\snl.cpp(382,10): error C4430: 缺少类型说明符 - 假定为 int。注意: C++ 不支持默认 int
D:\月月\大三下\必修课\编译原理课设\Project1\snl.cpp(382,2): error C2086: “int Treenode”: 重定义
D:\月月\大三下\必修课\编译原理课设\Project1\snl.cpp(362): message : 参见“Treenode”的声明
D:\月月\大三下\必修课\编译原理课设\Project1\snl.cpp(382,25): error C4430: 缺少类型说明符 - 假定为 int。注意: C++ 不支持默认 int
D:\月月\大三下\必修课\编译原理课设\Project1\snl.cpp(383,10): error C2143: 语法错误: 缺少“;”(在“*”的前面)
D:\月月\大三下\必修课\编译原理课设\Project1\snl.cpp(383,10): error C4430: 缺少类型说明符 - 假定为 int。注意: C++ 不支持默认 int
D:\月月\大三下\必修课\编译原理课设\Project1\snl.cpp(383,2): error C2086: “int Treenode”: 重定义
D:\月月\大三下\必修课\编译原理课设\Project1\snl.cpp(362): message : 参见“Treenode”的声明
D:\月月\大三下\必修课\编译原理课设\Project1\snl.cpp(383,21): error C4430: 缺少类型说明符 - 假定为 int。注意: C++ 不支持默认 int
D:\月月\大三下\必修课\编译原理课设\Project1\snl.cpp(384,10): error C2143: 语法错误: 缺少“;”(在“*”的前面)
D:\月月\大三下\必修课\编译原理课设\Project1\snl.cpp(384,10): error C4430: 缺少类型说明符 - 假定为 int。注意: C++ 不支持默认 int
D:\月月\大三下\必修课\编译原理课设\Project1\snl.cpp(384,2): error C2086: “int Treenode”: 重定义
D:\月月\大三下\必修课\编译原理课设\Project1\snl.cpp(362): message : 参见“Treenode”的声明
D:\月月\大三下\必修课\编译原理课设\Project1\snl.cpp(384,21): error C4430: 缺少类型说明符 - 假定为 int。注意: C++ 不支持默认 int
D:\月月\大三下\必修课\编译原理课设\Project1\snl.cpp(385,10): error C2143: 语法错误: 缺少“;”(在“*”的前面)
D:\月月\大三下\必修课\编译原理课设\Project1\snl.cpp(385,10): error C4430: 缺少类型说明符 - 假定为 int。注意: C++ 不支持默认 int
D:\月月\大三下\必修课\编译原理课设\Project1\snl.cpp(385,2): error C2086: “int Treenode”: 重定义
D:\月月\大三下\必修课\编译原理课设\Project1\snl.cpp(362): message : 参见“Treenode”的声明
D:\月月\大三下\必修课\编译原理课设\Project1\snl.cpp(385,17): error C4430: 缺少类型说明符 - 假定为 int。注意: C++ 不支持默认 int
D:\月月\大三下\必修课\编译原理课设\Project1\snl.cpp(386,10): error C2143: 语法错误: 缺少“;”(在“*”的前面)
D:\月月\大三下\必修课\编译原理课设\Project1\snl.cpp(386,10): error C4430: 缺少类型说明符 - 假定为 int。注意: C++ 不支持默认 int
D:\月月\大三下\必修课\编译原理课设\Project1\snl.cpp(386,2): error C2086: “int Treenode”: 重定义
D:\月月\大三下\必修课\编译原理课设\Project1\snl.cpp(362): message : 参见“Treenode”的声明
D:\月月\大三下\必修课\编译原理课设\Project1\snl.cpp(386,21): error C4430: 缺少类型说明符 - 假定为 int。注意: C++ 不支持默认 int
D:\月月\大三下\必修课\编译原理课设\Project1\snl.cpp(387,10): error C2143: 语法错误: 缺少“;”(在“*”的前面)
D:\月月\大三下\必修课\编译原理课设\Project1\snl.cpp(387,10): error C4430: 缺少类型说明符 - 假定为 int。注意: C++ 不支持默认 int
D:\月月\大三下\必修课\编译原理课设\Project1\snl.cpp(387,2): error C2086: “int Treenode”: 重定义
D:\月月\大三下\必修课\编译原理课设\Project1\snl.cpp(362): message : 参见“Treenode”的声明
D:\月月\大三下\必修课\编译原理课设\Project1\snl.cpp(387,28): error C4430: 缺少类型说明符 - 假定为 int。注意: C++ 不支持默认 int
D:\月月\大三下\必修课\编译原理课设\Project1\snl.cpp(388,10): error C2143: 语法错误: 缺少“;”(在“*”的前面)
D:\月月\大三下\必修课\编译原理课设\Project1\snl.cpp(388,10): error C4430: 缺少类型说明符 - 假定为 int。注意: C++ 不支持默认 int
D:\月月\大三下\必修课\编译原理课设\Project1\snl.cpp(388,2): error C2086: “int Treenode”: 重定义
D:\月月\大三下\必修课\编译原理课设\Project1\snl.cpp(362): message : 参见“Treenode”的声明
D:\月月\大三下\必修课\编译原理课设\Project1\snl.cpp(388,28): error C4430: 缺少类型说明符 - 假定为 int。注意: C++ 不支持默认 int
D:\月月\大三下\必修课\编译原理课设\Project1\snl.cpp(389,10): error C2143: 语法错误: 缺少“;”(在“*”的前面)
D:\月月\大三下\必修课\编译原理课设\Project1\snl.cpp(389,10): error C4430: 缺少类型说明符 - 假定为 int。注意: C++ 不支持默认 int
D:\月月\大三下\必修课\编译原理课设\Project1\snl.cpp(389,2): error C2086: “int Treenode”: 重定义
D:\月月\大三下\必修课\编译原理课设\Project1\snl.cpp(362): message : 参见“Treenode”的声明
D:\月月\大三下\必修课\编译原理课设\Project1\snl.cpp(389,21): error C4430: 缺少类型说明符 - 假定为 int。注意: C++ 不支持默认 int
D:\月月\大三下\必修课\编译原理课设\Project1\snl.cpp(390,10): error C2143: 语法错误: 缺少“;”(在“*”的前面)
D:\月月\大三下\必修课\编译原理课设\Project1\snl.cpp(390,10): error C4430: 缺少类型说明符 - 假定为 int。注意: C++ 不支持默认 int
D:\月月\大三下\必修课\编译原理课设\Project1\snl.cpp(390,2): error C2086: “int Treenode”: 重定义
D:\月月\大三下\必修课\编译原理课设\Project1\snl.cpp(362): message : 参见“Treenode”的声明
D:\月月\大三下\必修课\编译原理课设\Project1\snl.cpp(390,22): error C4430: 缺少类型说明符 - 假定为 int。注意: C++ 不支持默认 int
D:\月月\大三下\必修课\编译原理课设\Project1\snl.cpp(391,10): error C2143: 语法错误: 缺少“;”(在“*”的前面)
D:\月月\大三下\必修课\编译原理课设\Project1\snl.cpp(391,10): error C4430: 缺少类型说明符 - 假定为 int。注意: C++ 不支持默认 int
D:\月月\大三下\必修课\编译原理课设\Project1\snl.cpp(391,2): error C2086: “int Treenode”: 重定义
D:\月月\大三下\必修课\编译原理课设\Project1\snl.cpp(362): message : 参见“Treenode”的声明
D:\月月\大三下\必修课\编译原理课设\Project1\snl.cpp(391,23): error C4430: 缺少类型说明符 - 假定为 int。注意: C++ 不支持默认 int
D:\月月\大三下\必修课\编译原理课设\Project1\snl.cpp(392,10): error C2143: 语法错误: 缺少“;”(在“*”的前面)
D:\月月\大三下\必修课\编译原理课设\Project1\snl.cpp(392,10): error C4430: 缺少类型说明符 - 假定为 int。注意: C++ 不支持默认 int
D:\月月\大三下\必修课\编译原理课设\Project1\snl.cpp(392,2): error C2086: “int Treenode”: 重定义
D:\月月\大三下\必修课\编译原理课设\Project1\snl.cpp(362): message : 参见“Treenode”的声明
D:\月月\大三下\必修课\编译原理课设\Project1\snl.cpp(392,23): error C4430: 缺少类型说明符 - 假定为 int。注意: C++ 不支持默认 int
D:\月月\大三下\必修课\编译原理课设\Project1\snl.cpp(393,10): error C2143: 语法错误: 缺少“;”(在“*”的前面)
D:\月月\大三下\必修课\编译原理课设\Project1\snl.cpp(393,10): error C4430: 缺少类型说明符 - 假定为 int。注意: C++ 不支持默认 int
D:\月月\大三下\必修课\编译原理课设\Project1\snl.cpp(393,2): error C2086: “int Treenode”: 重定义
D:\月月\大三下\必修课\编译原理课设\Project1\snl.cpp(362): message : 参见“Treenode”的声明
D:\月月\大三下\必修课\编译原理课设\Project1\snl.cpp(393,25): error C4430: 缺少类型说明符 - 假定为 int。注意: C++ 不支持默认 int
D:\月月\大三下\必修课\编译原理课设\Project1\snl.cpp(394,10): error C2143: 语法错误: 缺少“;”(在“*”的前面)
D:\月月\大三下\必修课\编译原理课设\Project1\snl.cpp(394,10): error C4430: 缺少类型说明符 - 假定为 int。注意: C++ 不支持默认 int
D:\月月\大三下\必修课\编译原理课设\Project1\snl.cpp(394,2): error C2086: “int Treenode”: 重定义
D:\月月\大三下\必修课\编译原理课设\Project1\snl.cpp(362): message : 参见“Treenode”的声明
D:\月月\大三下\必修课\编译原理课设\Project1\snl.cpp(394,26): error C4430: 缺少类型说明符 - 假定为 int。注意: C++ 不支持默认 int
D:\月月\大三下\必修课\编译原理课设\Project1\snl.cpp(395,10): error C2143: 语法错误: 缺少“;”(在“*”的前面)
D:\月月\大三下\必修课\编译原理课设\Project1\snl.cpp(395,10): error C4430: 缺少类型说明符 - 假定为 int。注意: C++ 不支持默认 int
D:\月月\大三下\必修课\编译原理课设\Project1\snl.cpp(395,2): error C2086: “int Treenode”: 重定义
D:\月月\大三下\必修课\编译原理课设\Project1\snl.cpp(362): message : 参见“Treenode”的声明
D:\月月\大三下\必修课\编译原理课设\Project1\snl.cpp(395,26): error C4430: 缺少类型说明符 - 假定为 int。注意: C++ 不支持默认 int
D:\月月\大三下\必修课\编译原理课设\Project1\snl.cpp(396,10): error C2143: 语法错误: 缺少“;”(在“*”的前面)
D:\月月\大三下\必修课\编译原理课设\Project1\snl.cpp(396,10): error C4430: 缺少类型说明符 - 假定为 int。注意: C++ 不支持默认 int
D:\月月\大三下\必修课\编译原理课设\Project1\snl.cpp(396,2): error C2086: “int Treenode”: 重定义
D:\月月\大三下\必修课\编译原理课设\Project1\snl.cpp(362): message : 参见“Treenode”的声明
D:\月月\大三下\必修课\编译原理课设\Project1\snl.cpp(396,20): error C4430: 缺少类型说明符 - 假定为 int。注意: C++ 不支持默认 int
D:\月月\大三下\必修课\编译原理课设\Project1\snl.cpp(397,10): error C2143: 语法错误: 缺少“;”(在“*”的前面)
D:\月月\大三下\必修课\编译原理课设\Project1\snl.cpp(397,10): error C4430: 缺少类型说明符 - 假定为 int。注意: C++ 不支持默认 int
D:\月月\大三下\必修课\编译原理课设\Project1\snl.cpp(397,2): error C2086: “int Treenode”: 重定义
D:\月月\大三下\必修课\编译原理课设\Project1\snl.cpp(362): message : 参见“Treenode”的声明
D:\月月\大三下\必修课\编译原理课设\Project1\snl.cpp(397,23): error C4430: 缺少类型说明符 - 假定为 int。注意: C++ 不支持默认 int
D:\月月\大三下\必修课\编译原理课设\Project1\snl.cpp(398,10): error C2143: 语法错误: 缺少“;”(在“*”的前面)
D:\月月\大三下\必修课\编译原理课设\Project1\snl.cpp(398,10): error C4430: 缺少类型说明符 - 假定为 int。注意: C++ 不支持默认 int
D:\月月\大三下\必修课\编译原理课设\Project1\snl.cpp(398,2): error C2086: “int Treenode”: 重定义
D:\月月\大三下\必修课\编译原理课设\Project1\snl.cpp(362): message : 参见“Treenode”的声明
D:\月月\大三下\必修课\编译原理课设\Project1\snl.cpp(398,17): error C4430: 缺少类型说明符 - 假定为 int。注意: C++ 不支持默认 int
D:\月月\大三下\必修课\编译原理课设\Project1\snl.cpp(399,10): error C2143: 语法错误: 缺少“;”(在“*”的前面)
D:\月月\大三下\必修课\编译原理课设\Project1\snl.cpp(399,10): error C4430: 缺少类型说明符 - 假定为 int。注意: C++ 不支持默认 int
D:\月月\大三下\必修课\编译原理课设\Project1\snl.cpp(399,2): error C2086: “int Treenode”: 重定义
D:\月月\大三下\必修课\编译原理课设\Project1\snl.cpp(362): message : 参见“Treenode”的声明
D:\月月\大三下\必修课\编译原理课设\Project1\snl.cpp(399,23): error C4430: 缺少类型说明符 - 假定为 int。注意: C++ 不支持默认 int
D:\月月\大三下\必修课\编译原理课设\Project1\snl.cpp(400,10): error C2143: 语法错误: 缺少“;”(在“*”的前面)
D:\月月\大三下\必修课\编译原理课设\Project1\snl.cpp(400,10): error C4430: 缺少类型说明符 - 假定为 int。注意: C++ 不支持默认 int
D:\月月\大三下\必修课\编译原理课设\Project1\snl.cpp(400,2): error C2086: “int Treenode”: 重定义
D:\月月\大三下\必修课\编译原理课设\Project1\snl.cpp(362): message : 参见“Treenode”的声明
D:\月月\大三下\必修课\编译原理课设\Project1\snl.cpp(400,18): error C4430: 缺少类型说明符 - 假定为 int。注意: C++ 不支持默认 int
D:\月月\大三下\必修课\编译原理课设\Project1\snl.cpp(401,10): error C2143: 语法错误: 缺少“;”(在“*”的前面)
D:\月月\大三下\必修课\编译原理课设\Project1\snl.cpp(401,10): error C4430: 缺少类型说明符 - 假定为 int。注意: C++ 不支持默认 int
D:\月月\大三下\必修课\编译原理课设\Project1\snl.cpp(401,2): error C2086: “int Treenode”: 重定义
D:\月月\大三下\必修课\编译原理课设\Project1\snl.cpp(362): message : 参见“Treenode”的声明
D:\月月\大三下\必修课\编译原理课设\Project1\snl.cpp(401,20): error C4430: 缺少类型说明符 - 假定为 int。注意: C++ 不支持默认 int
D:\月月\大三下\必修课\编译原理课设\Project1\snl.cpp(402,10): error C2143: 语法错误: 缺少“;”(在“*”的前面)
D:\月月\大三下\必修课\编译原理课设\Project1\snl.cpp(402,10): error C4430: 缺少类型说明符 - 假定为 int。注意: C++ 不支持默认 int
D:\月月\大三下\必修课\编译原理课设\Project1\snl.cpp(402,2): error C2086: “int Treenode”: 重定义
D:\月月\大三下\必修课\编译原理课设\Project1\snl.cpp(362): message : 参见“Treenode”的声明
D:\月月\大三下\必修课\编译原理课设\Project1\snl.cpp(402,25): error C4430: 缺少类型说明符 - 假定为 int。注意: C++ 不支持默认 int
D:\月月\大三下\必修课\编译原理课设\Project1\snl.cpp(403,10): error C2143: 语法错误: 缺少“;”(在“*”的前面)
D:\月月\大三下\必修课\编译原理课设\Project1\snl.cpp(403,10): error C4430: 缺少类型说明符 - 假定为 int。注意: C++ 不支持默认 int
D:\月月\大三下\必修课\编译原理课设\Project1\snl.cpp(403,2): error C2086: “int Treenode”: 重定义
D:\月月\大三下\必修课\编译原理课设\Project1\snl.cpp(362): message : 参见“Treenode”的声明
D:\月月\大三下\必修课\编译原理课设\Project1\snl.cpp(403,22): error C4430: 缺少类型说明符 - 假定为 int。注意: C++ 不支持默认 int
D:\月月\大三下\必修课\编译原理课设\Project1\snl.cpp(404,10): error C2143: 语法错误: 缺少“;”(在“*”的前面)
D:\月月\大三下\必修课\编译原理课设\Project1\snl.cpp(404,10): error C4430: 缺少类型说明符 - 假定为 int。注意: C++ 不支持默认 int
D:\月月\大三下\必修课\编译原理课设\Project1\snl.cpp(404,2): error C2086: “int Treenode”: 重定义
D:\月月\大三下\必修课\编译原理课设\Project1\snl.cpp(362): message : 参见“Treenode”的声明
D:\月月\大三下\必修课\编译原理课设\Project1\snl.cpp(404,22): error C4430: 缺少类型说明符 - 假定为 int。注意: C++ 不支持默认 int
D:\月月\大三下\必修课\编译原理课设\Project1\snl.cpp(405,10): error C2143: 语法错误: 缺少“;”(在“*”的前面)
D:\月月\大三下\必修课\编译原理课设\Project1\snl.cpp(405,10): error C4430: 缺少类型说明符 - 假定为 int。注意: C++ 不支持默认 int
D:\月月\大三下\必修课\编译原理课设\Project1\snl.cpp(405,2): error C2086: “int Treenode”: 重定义
D:\月月\大三下\必修课\编译原理课设\Project1\snl.cpp(362): message : 参见“Treenode”的声明
D:\月月\大三下\必修课\编译原理课设\Project1\snl.cpp(405,22): error C4430: 缺少类型说明符 - 假定为 int。注意: C++ 不支持默认 int
D:\月月\大三下\必修课\编译原理课设\Project1\snl.cpp(406,10): error C2143: 语法错误: 缺少“;”(在“*”的前面)
D:\月月\大三下\必修课\编译原理课设\Project1\snl.cpp(406,10): error C4430: 缺少类型说明符 - 假定为 int。注意: C++ 不支持默认 int
D:\月月\大三下\必修课\编译原理课设\Project1\snl.cpp(406,2): error C2086: “int Treenode”: 重定义
D:\月月\大三下\必修课\编译原理课设\Project1\snl.cpp(362): message : 参见“Treenode”的声明
D:\月月\大三下\必修课\编译原理课设\Project1\snl.cpp(406,26): error C4430: 缺少类型说明符 - 假定为 int。注意: C++ 不支持默认 int
D:\月月\大三下\必修课\编译原理课设\Project1\snl.cpp(407,10): error C2143: 语法错误: 缺少“;”(在“*”的前面)
D:\月月\大三下\必修课\编译原理课设\Project1\snl.cpp(407,10): error C4430: 缺少类型说明符 - 假定为 int。注意: C++ 不支持默认 int
D:\月月\大三下\必修课\编译原理课设\Project1\snl.cpp(407,2): error C2086: “int Treenode”: 重定义
D:\月月\大三下\必修课\编译原理课设\Project1\snl.cpp(362): message : 参见“Treenode”的声明
D:\月月\大三下\必修课\编译原理课设\Project1\snl.cpp(407,19): error C4430: 缺少类型说明符 - 假定为 int。注意: C++ 不支持默认 int
D:\月月\大三下\必修课\编译原理课设\Project1\snl.cpp(408,10): error C2143: 语法错误: 缺少“;”(在“*”的前面)
D:\月月\大三下\必修课\编译原理课设\Project1\snl.cpp(408,10): error C4430: 缺少类型说明符 - 假定为 int。注意: C++ 不支持默认 int
D:\月月\大三下\必修课\编译原理课设\Project1\snl.cpp(408,2): error C2086: “int Treenode”: 重定义
D:\月月\大三下\必修课\编译原理课设\Project1\snl.cpp(362): message : 参见“Treenode”的声明
D:\月月\大三下\必修课\编译原理课设\Project1\snl.cpp(408,19): error C4430: 缺少类型说明符 - 假定为 int。注意: C++ 不支持默认 int
D:\月月\大三下\必修课\编译原理课设\Project1\snl.cpp(409,10): error C2143: 语法错误: 缺少“;”(在“*”的前面)
D:\月月\大三下\必修课\编译原理课设\Project1\snl.cpp(409,10): error C4430: 缺少类型说明符 - 假定为 int。注意: C++ 不支持默认 int
D:\月月\大三下\必修课\编译原理课设\Project1\snl.cpp(409,2): error C2086: “int Treenode”: 重定义
D:\月月\大三下\必修课\编译原理课设\Project1\snl.cpp(362): message : 参见“Treenode”的声明
D:\月月\大三下\必修课\编译原理课设\Project1\snl.cpp(409,20): error C4430: 缺少类型说明符 - 假定为 int。注意: C++ 不支持默认 int
D:\月月\大三下\必修课\编译原理课设\Project1\snl.cpp(410,10): error C2143: 语法错误: 缺少“;”(在“*”的前面)
D:\月月\大三下\必修课\编译原理课设\Project1\snl.cpp(410,10): error C4430: 缺少类型说明符 - 假定为 int。注意: C++ 不支持默认 int
D:\月月\大三下\必修课\编译原理课设\Project1\snl.cpp(410,2): error C2086: “int Treenode”: 重定义
D:\月月\大三下\必修课\编译原理课设\Project1\snl.cpp(362): message : 参见“Treenode”的声明
D:\月月\大三下\必修课\编译原理课设\Project1\snl.cpp(410,25): error C4430: 缺少类型说明符 - 假定为 int。注意: C++ 不支持默认 int
D:\月月\大三下\必修课\编译原理课设\Project1\snl.cpp(411,10): error C2143: 语法错误: 缺少“;”(在“*”的前面)
D:\月月\大三下\必修课\编译原理课设\Project1\snl.cpp(411,10): error C4430: 缺少类型说明符 - 假定为 int。注意: C++ 不支持默认 int
D:\月月\大三下\必修课\编译原理课设\Project1\snl.cpp(411,2): error C2086: “int Treenode”: 重定义
D:\月月\大三下\必修课\编译原理课设\Project1\snl.cpp(362): message : 参见“Treenode”的声明
D:\月月\大三下\必修课\编译原理课设\Project1\snl.cpp(411,25): error C4430: 缺少类型说明符 - 假定为 int。注意: C++ 不支持默认 int
D:\月月\大三下\必修课\编译原理课设\Project1\snl.cpp(412,10): error C2143: 语法错误: 缺少“;”(在“*”的前面)
D:\月月\大三下\必修课\编译原理课设\Project1\snl.cpp(412,10): fatal error C1003: 错误计数超过 100；正在停止编译
